  源.cpp
C:\Users\21056\OneDrive - stu.xju.edu.cn\桌面\20211303230_周渝琳\源程序\图形化界面\源.cpp(76,3): warning C4996: 'strcpy': This function or variable may be unsafe. Consider using strcpy_s instead. To disable deprecation, use _CRT_SECURE_NO_WARNINGS. See online help for details.
C:\Users\21056\OneDrive - stu.xju.edu.cn\桌面\20211303230_周渝琳\源程序\图形化界面\源.cpp(77,3): warning C4996: 'strcpy': This function or variable may be unsafe. Consider using strcpy_s instead. To disable deprecation, use _CRT_SECURE_NO_WARNINGS. See online help for details.
C:\Users\21056\OneDrive - stu.xju.edu.cn\桌面\20211303230_周渝琳\源程序\图形化界面\源.cpp(78,3): warning C4996: 'strcpy': This function or variable may be unsafe. Consider using strcpy_s instead. To disable deprecation, use _CRT_SECURE_NO_WARNINGS. See online help for details.
C:\Users\21056\OneDrive - stu.xju.edu.cn\桌面\20211303230_周渝琳\源程序\图形化界面\源.cpp(79,3): warning C4996: 'strcpy': This function or variable may be unsafe. Consider using strcpy_s instead. To disable deprecation, use _CRT_SECURE_NO_WARNINGS. See online help for details.
C:\Users\21056\OneDrive - stu.xju.edu.cn\桌面\20211303230_周渝琳\源程序\图形化界面\源.cpp(80,3): warning C4996: 'strcpy': This function or variable may be unsafe. Consider using strcpy_s instead. To disable deprecation, use _CRT_SECURE_NO_WARNINGS. See online help for details.
C:\Users\21056\OneDrive - stu.xju.edu.cn\桌面\20211303230_周渝琳\源程序\图形化界面\源.cpp(81,3): warning C4996: 'strcpy': This function or variable may be unsafe. Consider using strcpy_s instead. To disable deprecation, use _CRT_SECURE_NO_WARNINGS. See online help for details.
C:\Users\21056\OneDrive - stu.xju.edu.cn\桌面\20211303230_周渝琳\源程序\图形化界面\源.cpp(57,7): warning C4996: 'fopen': This function or variable may be unsafe. Consider using fopen_s instead. To disable deprecation, use _CRT_SECURE_NO_WARNINGS. See online help for details.
C:\Users\21056\OneDrive - stu.xju.edu.cn\桌面\20211303230_周渝琳\源程序\图形化界面\源.cpp(66,9): warning C4996: 'fscanf': This function or variable may be unsafe. Consider using fscanf_s instead. To disable deprecation, use _CRT_SECURE_NO_WARNINGS. See online help for details.
C:\Users\21056\OneDrive - stu.xju.edu.cn\桌面\20211303230_周渝琳\源程序\图形化界面\源.cpp(54,8): warning C4101: “tail”: 未引用的局部变量
C:\Users\21056\OneDrive - stu.xju.edu.cn\桌面\20211303230_周渝琳\源程序\图形化界面\源.cpp(100,7): warning C4996: 'fopen': This function or variable may be unsafe. Consider using fopen_s instead. To disable deprecation, use _CRT_SECURE_NO_WARNINGS. See online help for details.
C:\Users\21056\OneDrive - stu.xju.edu.cn\桌面\20211303230_周渝琳\源程序\图形化界面\源.cpp(141,2): warning C4996: 'strcpy': This function or variable may be unsafe. Consider using strcpy_s instead. To disable deprecation, use _CRT_SECURE_NO_WARNINGS. See online help for details.
C:\Users\21056\OneDrive - stu.xju.edu.cn\桌面\20211303230_周渝琳\源程序\图形化界面\源.cpp(337,6): warning C4996: 'strcpy': This function or variable may be unsafe. Consider using strcpy_s instead. To disable deprecation, use _CRT_SECURE_NO_WARNINGS. See online help for details.
C:\Users\21056\OneDrive - stu.xju.edu.cn\桌面\20211303230_周渝琳\源程序\图形化界面\源.cpp(340,6): warning C4996: 'strcpy': This function or variable may be unsafe. Consider using strcpy_s instead. To disable deprecation, use _CRT_SECURE_NO_WARNINGS. See online help for details.
C:\Users\21056\OneDrive - stu.xju.edu.cn\桌面\20211303230_周渝琳\源程序\图形化界面\源.cpp(343,6): warning C4996: 'strcpy': This function or variable may be unsafe. Consider using strcpy_s instead. To disable deprecation, use _CRT_SECURE_NO_WARNINGS. See online help for details.
C:\Users\21056\OneDrive - stu.xju.edu.cn\桌面\20211303230_周渝琳\源程序\图形化界面\源.cpp(346,6): warning C4996: 'strcpy': This function or variable may be unsafe. Consider using strcpy_s instead. To disable deprecation, use _CRT_SECURE_NO_WARNINGS. See online help for details.
C:\Users\21056\OneDrive - stu.xju.edu.cn\桌面\20211303230_周渝琳\源程序\图形化界面\源.cpp(349,6): warning C4996: 'strcpy': This function or variable may be unsafe. Consider using strcpy_s instead. To disable deprecation, use _CRT_SECURE_NO_WARNINGS. See online help for details.
C:\Users\21056\OneDrive - stu.xju.edu.cn\桌面\20211303230_周渝琳\源程序\图形化界面\源.cpp(354,7): warning C4996: 'strcpy': This function or variable may be unsafe. Consider using strcpy_s instead. To disable deprecation, use _CRT_SECURE_NO_WARNINGS. See online help for details.
C:\Users\21056\OneDrive - stu.xju.edu.cn\桌面\20211303230_周渝琳\源程序\图形化界面\源.cpp(358,7): warning C4996: 'strcpy': This function or variable may be unsafe. Consider using strcpy_s instead. To disable deprecation, use _CRT_SECURE_NO_WARNINGS. See online help for details.
C:\Users\21056\OneDrive - stu.xju.edu.cn\桌面\20211303230_周渝琳\源程序\图形化界面\源.cpp(461,6): warning C4996: 'strcpy': This function or variable may be unsafe. Consider using strcpy_s instead. To disable deprecation, use _CRT_SECURE_NO_WARNINGS. See online help for details.
C:\Users\21056\OneDrive - stu.xju.edu.cn\桌面\20211303230_周渝琳\源程序\图形化界面\源.cpp(464,6): warning C4996: 'strcpy': This function or variable may be unsafe. Consider using strcpy_s instead. To disable deprecation, use _CRT_SECURE_NO_WARNINGS. See online help for details.
C:\Users\21056\OneDrive - stu.xju.edu.cn\桌面\20211303230_周渝琳\源程序\图形化界面\源.cpp(467,6): warning C4996: 'strcpy': This function or variable may be unsafe. Consider using strcpy_s instead. To disable deprecation, use _CRT_SECURE_NO_WARNINGS. See online help for details.
C:\Users\21056\OneDrive - stu.xju.edu.cn\桌面\20211303230_周渝琳\源程序\图形化界面\源.cpp(470,6): warning C4996: 'strcpy': This function or variable may be unsafe. Consider using strcpy_s instead. To disable deprecation, use _CRT_SECURE_NO_WARNINGS. See online help for details.
C:\Users\21056\OneDrive - stu.xju.edu.cn\桌面\20211303230_周渝琳\源程序\图形化界面\源.cpp(473,6): warning C4996: 'strcpy': This function or variable may be unsafe. Consider using strcpy_s instead. To disable deprecation, use _CRT_SECURE_NO_WARNINGS. See online help for details.
C:\Users\21056\OneDrive - stu.xju.edu.cn\桌面\20211303230_周渝琳\源程序\图形化界面\源.cpp(478,7): warning C4996: 'strcpy': This function or variable may be unsafe. Consider using strcpy_s instead. To disable deprecation, use _CRT_SECURE_NO_WARNINGS. See online help for details.
C:\Users\21056\OneDrive - stu.xju.edu.cn\桌面\20211303230_周渝琳\源程序\图形化界面\源.cpp(482,7): warning C4996: 'strcpy': This function or variable may be unsafe. Consider using strcpy_s instead. To disable deprecation, use _CRT_SECURE_NO_WARNINGS. See online help for details.
C:\Users\21056\OneDrive - stu.xju.edu.cn\桌面\20211303230_周渝琳\源程序\图形化界面\源.cpp(404,7): warning C4101: “time”: 未引用的局部变量
C:\Users\21056\OneDrive - stu.xju.edu.cn\桌面\20211303230_周渝琳\源程序\图形化界面\源.cpp(403,7): warning C4101: “data”: 未引用的局部变量
C:\Users\21056\OneDrive - stu.xju.edu.cn\桌面\20211303230_周渝琳\源程序\图形化界面\源.cpp(564,2): warning C4996: 'strcpy': This function or variable may be unsafe. Consider using strcpy_s instead. To disable deprecation, use _CRT_SECURE_NO_WARNINGS. See online help for details.
C:\Users\21056\OneDrive - stu.xju.edu.cn\桌面\20211303230_周渝琳\源程序\图形化界面\源.cpp(565,2): warning C4996: 'strcpy': This function or variable may be unsafe. Consider using strcpy_s instead. To disable deprecation, use _CRT_SECURE_NO_WARNINGS. See online help for details.
C:\Users\21056\OneDrive - stu.xju.edu.cn\桌面\20211303230_周渝琳\源程序\图形化界面\源.cpp(567,2): warning C4996: 'strcpy': This function or variable may be unsafe. Consider using strcpy_s instead. To disable deprecation, use _CRT_SECURE_NO_WARNINGS. See online help for details.
C:\Users\21056\OneDrive - stu.xju.edu.cn\桌面\20211303230_周渝琳\源程序\图形化界面\源.cpp(568,2): warning C4996: 'strcpy': This function or variable may be unsafe. Consider using strcpy_s instead. To disable deprecation, use _CRT_SECURE_NO_WARNINGS. See online help for details.
C:\Users\21056\OneDrive - stu.xju.edu.cn\桌面\20211303230_周渝琳\源程序\图形化界面\源.cpp(570,2): warning C4996: 'strcat': This function or variable may be unsafe. Consider using strcat_s instead. To disable deprecation, use _CRT_SECURE_NO_WARNINGS. See online help for details.
C:\Users\21056\OneDrive - stu.xju.edu.cn\桌面\20211303230_周渝琳\源程序\图形化界面\源.cpp(571,2): warning C4996: 'strcat': This function or variable may be unsafe. Consider using strcat_s instead. To disable deprecation, use _CRT_SECURE_NO_WARNINGS. See online help for details.
C:\Users\21056\OneDrive - stu.xju.edu.cn\桌面\20211303230_周渝琳\源程序\图形化界面\源.cpp(619,9): warning C4101: “tem2”: 未引用的局部变量
  正在生成代码
  1 of 22 functions ( 4.5%) were compiled, the rest were copied from previous compilation.
    0 functions were new in current compilation
    1 functions had inline decision re-evaluated but remain unchanged
  已完成代码的生成
  图形化界面.vcxproj -> C:\Users\21056\OneDrive - stu.xju.edu.cn\桌面\20211303230_周渝琳\源程序\图形化界面\x64\Release\图形化界面.exe
